The system is: Linux - 4.11.12-100.fc24.x86_64 - x86_64
Compiling the C compiler identification source file "CMakeCCompilerId.c" succeeded.
Compiler: /usr/bin/cc 
Build flags: 
Id flags:  

The output was:
0


Compilation of the C compiler identification source "CMakeCCompilerId.c" produced "a.out"

The C compiler identification is GNU, found in "/home/bdelbreuve/ISEN/AP4/C++/Uno/cmake-build-debug/CMakeFiles/3.10.3/CompilerIdC/a.out"

Compiling the CXX compiler identification source file "CMakeCXXCompilerId.cpp" succeeded.
Compiler: /usr/bin/c++ 
Build flags: 
Id flags:  

The output was:
0


Compilation of the CXX compiler identification source "CMakeCXXCompilerId.cpp" produced "a.out"

The CXX compiler identification is GNU, found in "/home/bdelbreuve/ISEN/AP4/C++/Uno/cmake-build-debug/CMakeFiles/3.10.3/CompilerIdCXX/a.out"

Determining if the C compiler works passed with the following output:
Change Dir: /home/bdelbreuve/ISEN/AP4/C++/Uno/cmake-build-debug/CMakeFiles/CMakeTmp

Run Build Command:"/usr/bin/gmake" "cmTC_b9fa7/fast"
/usr/bin/gmake -f CMakeFiles/cmTC_b9fa7.dir/build.make CMakeFiles/cmTC_b9fa7.dir/build
gmake[1] : on entre dans le répertoire « /home/bdelbreuve/ISEN/AP4/C++/Uno/cmake-build-debug/CMakeFiles/CMakeTmp »
Building C object CMakeFiles/cmTC_b9fa7.dir/testCCompiler.c.o
/usr/bin/cc    -o CMakeFiles/cmTC_b9fa7.dir/testCCompiler.c.o   -c /home/bdelbreuve/ISEN/AP4/C++/Uno/cmake-build-debug/CMakeFiles/CMakeTmp/testCCompiler.c
Linking C executable cmTC_b9fa7
/home/bdelbreuve/.local/share/Trash/files/clion-2018.1.2/bin/cmake/bin/cmake -E cmake_link_script CMakeFiles/cmTC_b9fa7.dir/link.txt --verbose=1
/usr/bin/cc      CMakeFiles/cmTC_b9fa7.dir/testCCompiler.c.o  -o cmTC_b9fa7 
gmake[1] : on quitte le répertoire « /home/bdelbreuve/ISEN/AP4/C++/Uno/cmake-build-debug/CMakeFiles/CMakeTmp »


Detecting C compiler ABI info compiled with the following output:
Change Dir: /home/bdelbreuve/ISEN/AP4/C++/Uno/cmake-build-debug/CMakeFiles/CMakeTmp

Run Build Command:"/usr/bin/gmake" "cmTC_b28af/fast"
/usr/bin/gmake -f CMakeFiles/cmTC_b28af.dir/build.make CMakeFiles/cmTC_b28af.dir/build
gmake[1] : on entre dans le répertoire « /home/bdelbreuve/ISEN/AP4/C++/Uno/cmake-build-debug/CMakeFiles/CMakeTmp »
Building C object CMakeFiles/cmTC_b28af.dir/CMakeCCompilerABI.c.o
/usr/bin/cc    -o CMakeFiles/cmTC_b28af.dir/CMakeCCompilerABI.c.o   -c /home/bdelbreuve/.local/share/Trash/files/clion-2018.1.2/bin/cmake/share/cmake-3.10/Modules/CMakeCCompilerABI.c
Linking C executable cmTC_b28af
/home/bdelbreuve/.local/share/Trash/files/clion-2018.1.2/bin/cmake/bin/cmake -E cmake_link_script CMakeFiles/cmTC_b28af.dir/link.txt --verbose=1
/usr/bin/cc     -v CMakeFiles/cmTC_b28af.dir/CMakeCCompilerABI.c.o  -o cmTC_b28af 
Utilisation des specs internes.
COLLECT_GCC=/usr/bin/cc
COLLECT_LTO_WRAPPER=/usr/libexec/gcc/x86_64-redhat-linux/6.3.1/lto-wrapper
Cible : x86_64-redhat-linux
Configuré avec: ../configure --enable-bootstrap --enable-languages=c,c++,objc,obj-c++,fortran,ada,go,lto --prefix=/usr --mandir=/usr/share/man --infodir=/usr/share/info --with-bugurl=http://bugzilla.redhat.com/bugzilla --enable-shared --enable-threads=posix --enable-checking=release --enable-multilib --with-system-zlib --enable-__cxa_atexit --disable-libunwind-exceptions --enable-gnu-unique-object --enable-linker-build-id --with-linker-hash-style=gnu --enable-plugin --enable-initfini-array --disable-libgcj --with-isl --enable-libmpx --enable-gnu-indirect-function --with-tune=generic --with-arch_32=i686 --build=x86_64-redhat-linux
Modèle de thread: posix
gcc version 6.3.1 20161221 (Red Hat 6.3.1-1) (GCC) 
COMPILER_PATH=/usr/libexec/gcc/x86_64-redhat-linux/6.3.1/:/usr/libexec/gcc/x86_64-redhat-linux/6.3.1/:/usr/libexec/gcc/x86_64-redhat-linux/:/usr/lib/gcc/x86_64-redhat-linux/6.3.1/:/usr/lib/gcc/x86_64-redhat-linux/
LIBRARY_PATH=/usr/lib/gcc/x86_64-redhat-linux/6.3.1/:/usr/lib/gcc/x86_64-redhat-linux/6.3.1/../../../../lib64/:/lib/../lib64/:/usr/lib/../lib64/:/usr/lib/gcc/x86_64-redhat-linux/6.3.1/../../../:/lib/:/usr/lib/
COLLECT_GCC_OPTIONS='-v' '-o' 'cmTC_b28af' '-mtune=generic' '-march=x86-64'
 /usr/libexec/gcc/x86_64-redhat-linux/6.3.1/collect2 -plugin /usr/libexec/gcc/x86_64-redhat-linux/6.3.1/liblto_plugin.so -plugin-opt=/usr/libexec/gcc/x86_64-redhat-linux/6.3.1/lto-wrapper -plugin-opt=-fresolution=/tmp/ccwX0MhE.res -plugin-opt=-pass-through=-lgcc -plugin-opt=-pass-through=-lgcc_s -plugin-opt=-pass-through=-lc -plugin-opt=-pass-through=-lgcc -plugin-opt=-pass-through=-lgcc_s --build-id --no-add-needed --eh-frame-hdr --hash-style=gnu -m elf_x86_64 -dynamic-linker /lib64/ld-linux-x86-64.so.2 -o cmTC_b28af /usr/lib/gcc/x86_64-redhat-linux/6.3.1/../../../../lib64/crt1.o /usr/lib/gcc/x86_64-redhat-linux/6.3.1/../../../../lib64/crti.o /usr/lib/gcc/x86_64-redhat-linux/6.3.1/crtbegin.o -L/usr/lib/gcc/x86_64-redhat-linux/6.3.1 -L/usr/lib/gcc/x86_64-redhat-linux/6.3.1/../../../../lib64 -L/lib/../lib64 -L/usr/lib/../lib64 -L/usr/lib/gcc/x86_64-redhat-linux/6.3.1/../../.. CMakeFiles/cmTC_b28af.dir/CMakeCCompilerABI.c.o -lgcc --as-needed -lgcc_s --no-as-needed -lc -lgcc --as-needed -lgcc_s --no-as-needed /usr/lib/gcc/x86_64-redhat-linux/6.3.1/crtend.o /usr/lib/gcc/x86_64-redhat-linux/6.3.1/../../../../lib64/crtn.o
COLLECT_GCC_OPTIONS='-v' '-o' 'cmTC_b28af' '-mtune=generic' '-march=x86-64'
gmake[1] : on quitte le répertoire « /home/bdelbreuve/ISEN/AP4/C++/Uno/cmake-build-debug/CMakeFiles/CMakeTmp »


Parsed C implicit link information from above output:
  link line regex: [^( *|.*[/\])(ld|CMAKE_LINK_STARTFILE-NOTFOUND|([^/\]+-)?ld|collect2)[^/\]*( |$)]
  ignore line: [Change Dir: /home/bdelbreuve/ISEN/AP4/C++/Uno/cmake-build-debug/CMakeFiles/CMakeTmp]
  ignore line: []
  ignore line: [Run Build Command:"/usr/bin/gmake" "cmTC_b28af/fast"]
  ignore line: [/usr/bin/gmake -f CMakeFiles/cmTC_b28af.dir/build.make CMakeFiles/cmTC_b28af.dir/build]
  ignore line: [gmake[1] : on entre dans le répertoire « /home/bdelbreuve/ISEN/AP4/C++/Uno/cmake-build-debug/CMakeFiles/CMakeTmp »]
  ignore line: [Building C object CMakeFiles/cmTC_b28af.dir/CMakeCCompilerABI.c.o]
  ignore line: [/usr/bin/cc    -o CMakeFiles/cmTC_b28af.dir/CMakeCCompilerABI.c.o   -c /home/bdelbreuve/.local/share/Trash/files/clion-2018.1.2/bin/cmake/share/cmake-3.10/Modules/CMakeCCompilerABI.c]
  ignore line: [Linking C executable cmTC_b28af]
  ignore line: [/home/bdelbreuve/.local/share/Trash/files/clion-2018.1.2/bin/cmake/bin/cmake -E cmake_link_script CMakeFiles/cmTC_b28af.dir/link.txt --verbose=1]
  ignore line: [/usr/bin/cc     -v CMakeFiles/cmTC_b28af.dir/CMakeCCompilerABI.c.o  -o cmTC_b28af ]
  ignore line: [Utilisation des specs internes.]
  ignore line: [COLLECT_GCC=/usr/bin/cc]
  ignore line: [COLLECT_LTO_WRAPPER=/usr/libexec/gcc/x86_64-redhat-linux/6.3.1/lto-wrapper]
  ignore line: [Cible : x86_64-redhat-linux]
  ignore line: [Configuré avec: ../configure --enable-bootstrap --enable-languages=c,c++,objc,obj-c++,fortran,ada,go,lto --prefix=/usr --mandir=/usr/share/man --infodir=/usr/share/info --with-bugurl=http://bugzilla.redhat.com/bugzilla --enable-shared --enable-threads=posix --enable-checking=release --enable-multilib --with-system-zlib --enable-__cxa_atexit --disable-libunwind-exceptions --enable-gnu-unique-object --enable-linker-build-id --with-linker-hash-style=gnu --enable-plugin --enable-initfini-array --disable-libgcj --with-isl --enable-libmpx --enable-gnu-indirect-function --with-tune=generic --with-arch_32=i686 --build=x86_64-redhat-linux]
  ignore line: [Modèle de thread: posix]
  ignore line: [gcc version 6.3.1 20161221 (Red Hat 6.3.1-1) (GCC) ]
  ignore line: [COMPILER_PATH=/usr/libexec/gcc/x86_64-redhat-linux/6.3.1/:/usr/libexec/gcc/x86_64-redhat-linux/6.3.1/:/usr/libexec/gcc/x86_64-redhat-linux/:/usr/lib/gcc/x86_64-redhat-linux/6.3.1/:/usr/lib/gcc/x86_64-redhat-linux/]
  ignore line: [LIBRARY_PATH=/usr/lib/gcc/x86_64-redhat-linux/6.3.1/:/usr/lib/gcc/x86_64-redhat-linux/6.3.1/../../../../lib64/:/lib/../lib64/:/usr/lib/../lib64/:/usr/lib/gcc/x86_64-redhat-linux/6.3.1/../../../:/lib/:/usr/lib/]
  ignore line: [COLLECT_GCC_OPTIONS='-v' '-o' 'cmTC_b28af' '-mtune=generic' '-march=x86-64']
  link line: [ /usr/libexec/gcc/x86_64-redhat-linux/6.3.1/collect2 -plugin /usr/libexec/gcc/x86_64-redhat-linux/6.3.1/liblto_plugin.so -plugin-opt=/usr/libexec/gcc/x86_64-redhat-linux/6.3.1/lto-wrapper -plugin-opt=-fresolution=/tmp/ccwX0MhE.res -plugin-opt=-pass-through=-lgcc -plugin-opt=-pass-through=-lgcc_s -plugin-opt=-pass-through=-lc -plugin-opt=-pass-through=-lgcc -plugin-opt=-pass-through=-lgcc_s --build-id --no-add-needed --eh-frame-hdr --hash-style=gnu -m elf_x86_64 -dynamic-linker /lib64/ld-linux-x86-64.so.2 -o cmTC_b28af /usr/lib/gcc/x86_64-redhat-linux/6.3.1/../../../../lib64/crt1.o /usr/lib/gcc/x86_64-redhat-linux/6.3.1/../../../../lib64/crti.o /usr/lib/gcc/x86_64-redhat-linux/6.3.1/crtbegin.o -L/usr/lib/gcc/x86_64-redhat-linux/6.3.1 -L/usr/lib/gcc/x86_64-redhat-linux/6.3.1/../../../../lib64 -L/lib/../lib64 -L/usr/lib/../lib64 -L/usr/lib/gcc/x86_64-redhat-linux/6.3.1/../../.. CMakeFiles/cmTC_b28af.dir/CMakeCCompilerABI.c.o -lgcc --as-needed -lgcc_s --no-as-needed -lc -lgcc --as-needed -lgcc_s --no-as-needed /usr/lib/gcc/x86_64-redhat-linux/6.3.1/crtend.o /usr/lib/gcc/x86_64-redhat-linux/6.3.1/../../../../lib64/crtn.o]
    arg [/usr/libexec/gcc/x86_64-redhat-linux/6.3.1/collect2] ==> ignore
    arg [-plugin] ==> ignore
    arg [/usr/libexec/gcc/x86_64-redhat-linux/6.3.1/liblto_plugin.so] ==> ignore
    arg [-plugin-opt=/usr/libexec/gcc/x86_64-redhat-linux/6.3.1/lto-wrapper] ==> ignore
    arg [-plugin-opt=-fresolution=/tmp/ccwX0MhE.res] ==> ignore
    arg [-plugin-opt=-pass-through=-lgcc] ==> ignore
    arg [-plugin-opt=-pass-through=-lgcc_s] ==> ignore
    arg [-plugin-opt=-pass-through=-lc] ==> ignore
    arg [-plugin-opt=-pass-through=-lgcc] ==> ignore
    arg [-plugin-opt=-pass-through=-lgcc_s] ==> ignore
    arg [--build-id] ==> ignore
    arg [--no-add-needed] ==> ignore
    arg [--eh-frame-hdr] ==> ignore
    arg [--hash-style=gnu] ==> ignore
    arg [-m] ==> ignore
    arg [elf_x86_64] ==> ignore
    arg [-dynamic-linker] ==> ignore
    arg [/lib64/ld-linux-x86-64.so.2] ==> ignore
    arg [-o] ==> ignore
    arg [cmTC_b28af] ==> ignore
    arg [/usr/lib/gcc/x86_64-redhat-linux/6.3.1/../../../../lib64/crt1.o] ==> ignore
    arg [/usr/lib/gcc/x86_64-redhat-linux/6.3.1/../../../../lib64/crti.o] ==> ignore
    arg [/usr/lib/gcc/x86_64-redhat-linux/6.3.1/crtbegin.o] ==> ignore
    arg [-L/usr/lib/gcc/x86_64-redhat-linux/6.3.1] ==> dir [/usr/lib/gcc/x86_64-redhat-linux/6.3.1]
    arg [-L/usr/lib/gcc/x86_64-redhat-linux/6.3.1/../../../../lib64] ==> dir [/usr/lib/gcc/x86_64-redhat-linux/6.3.1/../../../../lib64]
    arg [-L/lib/../lib64] ==> dir [/lib/../lib64]
    arg [-L/usr/lib/../lib64] ==> dir [/usr/lib/../lib64]
    arg [-L/usr/lib/gcc/x86_64-redhat-linux/6.3.1/../../..] ==> dir [/usr/lib/gcc/x86_64-redhat-linux/6.3.1/../../..]
    arg [CMakeFiles/cmTC_b28af.dir/CMakeCCompilerABI.c.o] ==> ignore
    arg [-lgcc] ==> lib [gcc]
    arg [--as-needed] ==> ignore
    arg [-lgcc_s] ==> lib [gcc_s]
    arg [--no-as-needed] ==> ignore
    arg [-lc] ==> lib [c]
    arg [-lgcc] ==> lib [gcc]
    arg [--as-needed] ==> ignore
    arg [-lgcc_s] ==> lib [gcc_s]
    arg [--no-as-needed] ==> ignore
    arg [/usr/lib/gcc/x86_64-redhat-linux/6.3.1/crtend.o] ==> ignore
    arg [/usr/lib/gcc/x86_64-redhat-linux/6.3.1/../../../../lib64/crtn.o] ==> ignore
  collapse library dir [/usr/lib/gcc/x86_64-redhat-linux/6.3.1] ==> [/usr/lib/gcc/x86_64-redhat-linux/6.3.1]
  collapse library dir [/usr/lib/gcc/x86_64-redhat-linux/6.3.1/../../../../lib64] ==> [/usr/lib64]
  collapse library dir [/lib/../lib64] ==> [/lib64]
  collapse library dir [/usr/lib/../lib64] ==> [/usr/lib64]
  collapse library dir [/usr/lib/gcc/x86_64-redhat-linux/6.3.1/../../..] ==> [/usr/lib]
  implicit libs: [gcc;gcc_s;c;gcc;gcc_s]
  implicit dirs: [/usr/lib/gcc/x86_64-redhat-linux/6.3.1;/usr/lib64;/lib64;/usr/lib]
  implicit fwks: []




Detecting C [-std=c11] compiler features compiled with the following output:
Change Dir: /home/bdelbreuve/ISEN/AP4/C++/Uno/cmake-build-debug/CMakeFiles/CMakeTmp

Run Build Command:"/usr/bin/gmake" "cmTC_59aac/fast"
/usr/bin/gmake -f CMakeFiles/cmTC_59aac.dir/build.make CMakeFiles/cmTC_59aac.dir/build
gmake[1] : on entre dans le répertoire « /home/bdelbreuve/ISEN/AP4/C++/Uno/cmake-build-debug/CMakeFiles/CMakeTmp »
Building C object CMakeFiles/cmTC_59aac.dir/feature_tests.c.o
/usr/bin/cc   -std=c11 -o CMakeFiles/cmTC_59aac.dir/feature_tests.c.o   -c /home/bdelbreuve/ISEN/AP4/C++/Uno/cmake-build-debug/CMakeFiles/feature_tests.c
Linking C executable cmTC_59aac
/home/bdelbreuve/.local/share/Trash/files/clion-2018.1.2/bin/cmake/bin/cmake -E cmake_link_script CMakeFiles/cmTC_59aac.dir/link.txt --verbose=1
/usr/bin/cc      CMakeFiles/cmTC_59aac.dir/feature_tests.c.o  -o cmTC_59aac 
gmake[1] : on quitte le répertoire « /home/bdelbreuve/ISEN/AP4/C++/Uno/cmake-build-debug/CMakeFiles/CMakeTmp »


    Feature record: C_FEATURE:1c_function_prototypes
    Feature record: C_FEATURE:1c_restrict
    Feature record: C_FEATURE:1c_static_assert
    Feature record: C_FEATURE:1c_variadic_macros


Detecting C [-std=c99] compiler features compiled with the following output:
Change Dir: /home/bdelbreuve/ISEN/AP4/C++/Uno/cmake-build-debug/CMakeFiles/CMakeTmp

Run Build Command:"/usr/bin/gmake" "cmTC_b704b/fast"
/usr/bin/gmake -f CMakeFiles/cmTC_b704b.dir/build.make CMakeFiles/cmTC_b704b.dir/build
gmake[1] : on entre dans le répertoire « /home/bdelbreuve/ISEN/AP4/C++/Uno/cmake-build-debug/CMakeFiles/CMakeTmp »
Building C object CMakeFiles/cmTC_b704b.dir/feature_tests.c.o
/usr/bin/cc   -std=c99 -o CMakeFiles/cmTC_b704b.dir/feature_tests.c.o   -c /home/bdelbreuve/ISEN/AP4/C++/Uno/cmake-build-debug/CMakeFiles/feature_tests.c
Linking C executable cmTC_b704b
/home/bdelbreuve/.local/share/Trash/files/clion-2018.1.2/bin/cmake/bin/cmake -E cmake_link_script CMakeFiles/cmTC_b704b.dir/link.txt --verbose=1
/usr/bin/cc      CMakeFiles/cmTC_b704b.dir/feature_tests.c.o  -o cmTC_b704b 
gmake[1] : on quitte le répertoire « /home/bdelbreuve/ISEN/AP4/C++/Uno/cmake-build-debug/CMakeFiles/CMakeTmp »


    Feature record: C_FEATURE:1c_function_prototypes
    Feature record: C_FEATURE:1c_restrict
    Feature record: C_FEATURE:0c_static_assert
    Feature record: C_FEATURE:1c_variadic_macros


Detecting C [-std=c90] compiler features compiled with the following output:
Change Dir: /home/bdelbreuve/ISEN/AP4/C++/Uno/cmake-build-debug/CMakeFiles/CMakeTmp

Run Build Command:"/usr/bin/gmake" "cmTC_8ba38/fast"
/usr/bin/gmake -f CMakeFiles/cmTC_8ba38.dir/build.make CMakeFiles/cmTC_8ba38.dir/build
gmake[1] : on entre dans le répertoire « /home/bdelbreuve/ISEN/AP4/C++/Uno/cmake-build-debug/CMakeFiles/CMakeTmp »
Building C object CMakeFiles/cmTC_8ba38.dir/feature_tests.c.o
/usr/bin/cc   -std=c90 -o CMakeFiles/cmTC_8ba38.dir/feature_tests.c.o   -c /home/bdelbreuve/ISEN/AP4/C++/Uno/cmake-build-debug/CMakeFiles/feature_tests.c
Linking C executable cmTC_8ba38
/home/bdelbreuve/.local/share/Trash/files/clion-2018.1.2/bin/cmake/bin/cmake -E cmake_link_script CMakeFiles/cmTC_8ba38.dir/link.txt --verbose=1
/usr/bin/cc      CMakeFiles/cmTC_8ba38.dir/feature_tests.c.o  -o cmTC_8ba38 
gmake[1] : on quitte le répertoire « /home/bdelbreuve/ISEN/AP4/C++/Uno/cmake-build-debug/CMakeFiles/CMakeTmp »


    Feature record: C_FEATURE:1c_function_prototypes
    Feature record: C_FEATURE:0c_restrict
    Feature record: C_FEATURE:0c_static_assert
    Feature record: C_FEATURE:0c_variadic_macros
Determining if the CXX compiler works passed with the following output:
Change Dir: /home/bdelbreuve/ISEN/AP4/C++/Uno/cmake-build-debug/CMakeFiles/CMakeTmp

Run Build Command:"/usr/bin/gmake" "cmTC_5a75a/fast"
/usr/bin/gmake -f CMakeFiles/cmTC_5a75a.dir/build.make CMakeFiles/cmTC_5a75a.dir/build
gmake[1] : on entre dans le répertoire « /home/bdelbreuve/ISEN/AP4/C++/Uno/cmake-build-debug/CMakeFiles/CMakeTmp »
Building CXX object CMakeFiles/cmTC_5a75a.dir/testCXXCompiler.cxx.o
/usr/bin/c++     -o CMakeFiles/cmTC_5a75a.dir/testCXXCompiler.cxx.o -c /home/bdelbreuve/ISEN/AP4/C++/Uno/cmake-build-debug/CMakeFiles/CMakeTmp/testCXXCompiler.cxx
Linking CXX executable cmTC_5a75a
/home/bdelbreuve/.local/share/Trash/files/clion-2018.1.2/bin/cmake/bin/cmake -E cmake_link_script CMakeFiles/cmTC_5a75a.dir/link.txt --verbose=1
/usr/bin/c++       CMakeFiles/cmTC_5a75a.dir/testCXXCompiler.cxx.o  -o cmTC_5a75a 
gmake[1] : on quitte le répertoire « /home/bdelbreuve/ISEN/AP4/C++/Uno/cmake-build-debug/CMakeFiles/CMakeTmp »


Detecting CXX compiler ABI info compiled with the following output:
Change Dir: /home/bdelbreuve/ISEN/AP4/C++/Uno/cmake-build-debug/CMakeFiles/CMakeTmp

Run Build Command:"/usr/bin/gmake" "cmTC_f2c8c/fast"
/usr/bin/gmake -f CMakeFiles/cmTC_f2c8c.dir/build.make CMakeFiles/cmTC_f2c8c.dir/build
gmake[1] : on entre dans le répertoire « /home/bdelbreuve/ISEN/AP4/C++/Uno/cmake-build-debug/CMakeFiles/CMakeTmp »
Building CXX object CMakeFiles/cmTC_f2c8c.dir/CMakeCXXCompilerABI.cpp.o
/usr/bin/c++     -o CMakeFiles/cmTC_f2c8c.dir/CMakeCXXCompilerABI.cpp.o -c /home/bdelbreuve/.local/share/Trash/files/clion-2018.1.2/bin/cmake/share/cmake-3.10/Modules/CMakeCXXCompilerABI.cpp
Linking CXX executable cmTC_f2c8c
/home/bdelbreuve/.local/share/Trash/files/clion-2018.1.2/bin/cmake/bin/cmake -E cmake_link_script CMakeFiles/cmTC_f2c8c.dir/link.txt --verbose=1
/usr/bin/c++      -v CMakeFiles/cmTC_f2c8c.dir/CMakeCXXCompilerABI.cpp.o  -o cmTC_f2c8c 
Utilisation des specs internes.
COLLECT_GCC=/usr/bin/c++
COLLECT_LTO_WRAPPER=/usr/libexec/gcc/x86_64-redhat-linux/6.3.1/lto-wrapper
Cible : x86_64-redhat-linux
Configuré avec: ../configure --enable-bootstrap --enable-languages=c,c++,objc,obj-c++,fortran,ada,go,lto --prefix=/usr --mandir=/usr/share/man --infodir=/usr/share/info --with-bugurl=http://bugzilla.redhat.com/bugzilla --enable-shared --enable-threads=posix --enable-checking=release --enable-multilib --with-system-zlib --enable-__cxa_atexit --disable-libunwind-exceptions --enable-gnu-unique-object --enable-linker-build-id --with-linker-hash-style=gnu --enable-plugin --enable-initfini-array --disable-libgcj --with-isl --enable-libmpx --enable-gnu-indirect-function --with-tune=generic --with-arch_32=i686 --build=x86_64-redhat-linux
Modèle de thread: posix
gcc version 6.3.1 20161221 (Red Hat 6.3.1-1) (GCC) 
COMPILER_PATH=/usr/libexec/gcc/x86_64-redhat-linux/6.3.1/:/usr/libexec/gcc/x86_64-redhat-linux/6.3.1/:/usr/libexec/gcc/x86_64-redhat-linux/:/usr/lib/gcc/x86_64-redhat-linux/6.3.1/:/usr/lib/gcc/x86_64-redhat-linux/
LIBRARY_PATH=/usr/lib/gcc/x86_64-redhat-linux/6.3.1/:/usr/lib/gcc/x86_64-redhat-linux/6.3.1/../../../../lib64/:/lib/../lib64/:/usr/lib/../lib64/:/usr/lib/gcc/x86_64-redhat-linux/6.3.1/../../../:/lib/:/usr/lib/
COLLECT_GCC_OPTIONS='-v' '-o' 'cmTC_f2c8c' '-shared-libgcc' '-mtune=generic' '-march=x86-64'
 /usr/libexec/gcc/x86_64-redhat-linux/6.3.1/collect2 -plugin /usr/libexec/gcc/x86_64-redhat-linux/6.3.1/liblto_plugin.so -plugin-opt=/usr/libexec/gcc/x86_64-redhat-linux/6.3.1/lto-wrapper -plugin-opt=-fresolution=/tmp/ccpitf01.res -plugin-opt=-pass-through=-lgcc_s -plugin-opt=-pass-through=-lgcc -plugin-opt=-pass-through=-lc -plugin-opt=-pass-through=-lgcc_s -plugin-opt=-pass-through=-lgcc --build-id --no-add-needed --eh-frame-hdr --hash-style=gnu -m elf_x86_64 -dynamic-linker /lib64/ld-linux-x86-64.so.2 -o cmTC_f2c8c /usr/lib/gcc/x86_64-redhat-linux/6.3.1/../../../../lib64/crt1.o /usr/lib/gcc/x86_64-redhat-linux/6.3.1/../../../../lib64/crti.o /usr/lib/gcc/x86_64-redhat-linux/6.3.1/crtbegin.o -L/usr/lib/gcc/x86_64-redhat-linux/6.3.1 -L/usr/lib/gcc/x86_64-redhat-linux/6.3.1/../../../../lib64 -L/lib/../lib64 -L/usr/lib/../lib64 -L/usr/lib/gcc/x86_64-redhat-linux/6.3.1/../../.. CMakeFiles/cmTC_f2c8c.dir/CMakeCXXCompilerABI.cpp.o -lstdc++ -lm -lgcc_s -lgcc -lc -lgcc_s -lgcc /usr/lib/gcc/x86_64-redhat-linux/6.3.1/crtend.o /usr/lib/gcc/x86_64-redhat-linux/6.3.1/../../../../lib64/crtn.o
COLLECT_GCC_OPTIONS='-v' '-o' 'cmTC_f2c8c' '-shared-libgcc' '-mtune=generic' '-march=x86-64'
gmake[1] : on quitte le répertoire « /home/bdelbreuve/ISEN/AP4/C++/Uno/cmake-build-debug/CMakeFiles/CMakeTmp »


Parsed CXX implicit link information from above output:
  link line regex: [^( *|.*[/\])(ld|CMAKE_LINK_STARTFILE-NOTFOUND|([^/\]+-)?ld|collect2)[^/\]*( |$)]
  ignore line: [Change Dir: /home/bdelbreuve/ISEN/AP4/C++/Uno/cmake-build-debug/CMakeFiles/CMakeTmp]
  ignore line: []
  ignore line: [Run Build Command:"/usr/bin/gmake" "cmTC_f2c8c/fast"]
  ignore line: [/usr/bin/gmake -f CMakeFiles/cmTC_f2c8c.dir/build.make CMakeFiles/cmTC_f2c8c.dir/build]
  ignore line: [gmake[1] : on entre dans le répertoire « /home/bdelbreuve/ISEN/AP4/C++/Uno/cmake-build-debug/CMakeFiles/CMakeTmp »]
  ignore line: [Building CXX object CMakeFiles/cmTC_f2c8c.dir/CMakeCXXCompilerABI.cpp.o]
  ignore line: [/usr/bin/c++     -o CMakeFiles/cmTC_f2c8c.dir/CMakeCXXCompilerABI.cpp.o -c /home/bdelbreuve/.local/share/Trash/files/clion-2018.1.2/bin/cmake/share/cmake-3.10/Modules/CMakeCXXCompilerABI.cpp]
  ignore line: [Linking CXX executable cmTC_f2c8c]
  ignore line: [/home/bdelbreuve/.local/share/Trash/files/clion-2018.1.2/bin/cmake/bin/cmake -E cmake_link_script CMakeFiles/cmTC_f2c8c.dir/link.txt --verbose=1]
  ignore line: [/usr/bin/c++      -v CMakeFiles/cmTC_f2c8c.dir/CMakeCXXCompilerABI.cpp.o  -o cmTC_f2c8c ]
  ignore line: [Utilisation des specs internes.]
  ignore line: [COLLECT_GCC=/usr/bin/c++]
  ignore line: [COLLECT_LTO_WRAPPER=/usr/libexec/gcc/x86_64-redhat-linux/6.3.1/lto-wrapper]
  ignore line: [Cible : x86_64-redhat-linux]
  ignore line: [Configuré avec: ../configure --enable-bootstrap --enable-languages=c,c++,objc,obj-c++,fortran,ada,go,lto --prefix=/usr --mandir=/usr/share/man --infodir=/usr/share/info --with-bugurl=http://bugzilla.redhat.com/bugzilla --enable-shared --enable-threads=posix --enable-checking=release --enable-multilib --with-system-zlib --enable-__cxa_atexit --disable-libunwind-exceptions --enable-gnu-unique-object --enable-linker-build-id --with-linker-hash-style=gnu --enable-plugin --enable-initfini-array --disable-libgcj --with-isl --enable-libmpx --enable-gnu-indirect-function --with-tune=generic --with-arch_32=i686 --build=x86_64-redhat-linux]
  ignore line: [Modèle de thread: posix]
  ignore line: [gcc version 6.3.1 20161221 (Red Hat 6.3.1-1) (GCC) ]
  ignore line: [COMPILER_PATH=/usr/libexec/gcc/x86_64-redhat-linux/6.3.1/:/usr/libexec/gcc/x86_64-redhat-linux/6.3.1/:/usr/libexec/gcc/x86_64-redhat-linux/:/usr/lib/gcc/x86_64-redhat-linux/6.3.1/:/usr/lib/gcc/x86_64-redhat-linux/]
  ignore line: [LIBRARY_PATH=/usr/lib/gcc/x86_64-redhat-linux/6.3.1/:/usr/lib/gcc/x86_64-redhat-linux/6.3.1/../../../../lib64/:/lib/../lib64/:/usr/lib/../lib64/:/usr/lib/gcc/x86_64-redhat-linux/6.3.1/../../../:/lib/:/usr/lib/]
  ignore line: [COLLECT_GCC_OPTIONS='-v' '-o' 'cmTC_f2c8c' '-shared-libgcc' '-mtune=generic' '-march=x86-64']
  link line: [ /usr/libexec/gcc/x86_64-redhat-linux/6.3.1/collect2 -plugin /usr/libexec/gcc/x86_64-redhat-linux/6.3.1/liblto_plugin.so -plugin-opt=/usr/libexec/gcc/x86_64-redhat-linux/6.3.1/lto-wrapper -plugin-opt=-fresolution=/tmp/ccpitf01.res -plugin-opt=-pass-through=-lgcc_s -plugin-opt=-pass-through=-lgcc -plugin-opt=-pass-through=-lc -plugin-opt=-pass-through=-lgcc_s -plugin-opt=-pass-through=-lgcc --build-id --no-add-needed --eh-frame-hdr --hash-style=gnu -m elf_x86_64 -dynamic-linker /lib64/ld-linux-x86-64.so.2 -o cmTC_f2c8c /usr/lib/gcc/x86_64-redhat-linux/6.3.1/../../../../lib64/crt1.o /usr/lib/gcc/x86_64-redhat-linux/6.3.1/../../../../lib64/crti.o /usr/lib/gcc/x86_64-redhat-linux/6.3.1/crtbegin.o -L/usr/lib/gcc/x86_64-redhat-linux/6.3.1 -L/usr/lib/gcc/x86_64-redhat-linux/6.3.1/../../../../lib64 -L/lib/../lib64 -L/usr/lib/../lib64 -L/usr/lib/gcc/x86_64-redhat-linux/6.3.1/../../.. CMakeFiles/cmTC_f2c8c.dir/CMakeCXXCompilerABI.cpp.o -lstdc++ -lm -lgcc_s -lgcc -lc -lgcc_s -lgcc /usr/lib/gcc/x86_64-redhat-linux/6.3.1/crtend.o /usr/lib/gcc/x86_64-redhat-linux/6.3.1/../../../../lib64/crtn.o]
    arg [/usr/libexec/gcc/x86_64-redhat-linux/6.3.1/collect2] ==> ignore
    arg [-plugin] ==> ignore
    arg [/usr/libexec/gcc/x86_64-redhat-linux/6.3.1/liblto_plugin.so] ==> ignore
    arg [-plugin-opt=/usr/libexec/gcc/x86_64-redhat-linux/6.3.1/lto-wrapper] ==> ignore
    arg [-plugin-opt=-fresolution=/tmp/ccpitf01.res] ==> ignore
    arg [-plugin-opt=-pass-through=-lgcc_s] ==> ignore
    arg [-plugin-opt=-pass-through=-lgcc] ==> ignore
    arg [-plugin-opt=-pass-through=-lc] ==> ignore
    arg [-plugin-opt=-pass-through=-lgcc_s] ==> ignore
    arg [-plugin-opt=-pass-through=-lgcc] ==> ignore
    arg [--build-id] ==> ignore
    arg [--no-add-needed] ==> ignore
    arg [--eh-frame-hdr] ==> ignore
    arg [--hash-style=gnu] ==> ignore
    arg [-m] ==> ignore
    arg [elf_x86_64] ==> ignore
    arg [-dynamic-linker] ==> ignore
    arg [/lib64/ld-linux-x86-64.so.2] ==> ignore
    arg [-o] ==> ignore
    arg [cmTC_f2c8c] ==> ignore
    arg [/usr/lib/gcc/x86_64-redhat-linux/6.3.1/../../../../lib64/crt1.o] ==> ignore
    arg [/usr/lib/gcc/x86_64-redhat-linux/6.3.1/../../../../lib64/crti.o] ==> ignore
    arg [/usr/lib/gcc/x86_64-redhat-linux/6.3.1/crtbegin.o] ==> ignore
    arg [-L/usr/lib/gcc/x86_64-redhat-linux/6.3.1] ==> dir [/usr/lib/gcc/x86_64-redhat-linux/6.3.1]
    arg [-L/usr/lib/gcc/x86_64-redhat-linux/6.3.1/../../../../lib64] ==> dir [/usr/lib/gcc/x86_64-redhat-linux/6.3.1/../../../../lib64]
    arg [-L/lib/../lib64] ==> dir [/lib/../lib64]
    arg [-L/usr/lib/../lib64] ==> dir [/usr/lib/../lib64]
    arg [-L/usr/lib/gcc/x86_64-redhat-linux/6.3.1/../../..] ==> dir [/usr/lib/gcc/x86_64-redhat-linux/6.3.1/../../..]
    arg [CMakeFiles/cmTC_f2c8c.dir/CMakeCXXCompilerABI.cpp.o] ==> ignore
    arg [-lstdc++] ==> lib [stdc++]
    arg [-lm] ==> lib [m]
    arg [-lgcc_s] ==> lib [gcc_s]
    arg [-lgcc] ==> lib [gcc]
    arg [-lc] ==> lib [c]
    arg [-lgcc_s] ==> lib [gcc_s]
    arg [-lgcc] ==> lib [gcc]
    arg [/usr/lib/gcc/x86_64-redhat-linux/6.3.1/crtend.o] ==> ignore
    arg [/usr/lib/gcc/x86_64-redhat-linux/6.3.1/../../../../lib64/crtn.o] ==> ignore
  collapse library dir [/usr/lib/gcc/x86_64-redhat-linux/6.3.1] ==> [/usr/lib/gcc/x86_64-redhat-linux/6.3.1]
  collapse library dir [/usr/lib/gcc/x86_64-redhat-linux/6.3.1/../../../../lib64] ==> [/usr/lib64]
  collapse library dir [/lib/../lib64] ==> [/lib64]
  collapse library dir [/usr/lib/../lib64] ==> [/usr/lib64]
  collapse library dir [/usr/lib/gcc/x86_64-redhat-linux/6.3.1/../../..] ==> [/usr/lib]
  implicit libs: [stdc++;m;gcc_s;gcc;c;gcc_s;gcc]
  implicit dirs: [/usr/lib/gcc/x86_64-redhat-linux/6.3.1;/usr/lib64;/lib64;/usr/lib]
  implicit fwks: []




Detecting CXX [-std=c++1z] compiler features compiled with the following output:
Change Dir: /home/bdelbreuve/ISEN/AP4/C++/Uno/cmake-build-debug/CMakeFiles/CMakeTmp

Run Build Command:"/usr/bin/gmake" "cmTC_db346/fast"
/usr/bin/gmake -f CMakeFiles/cmTC_db346.dir/build.make CMakeFiles/cmTC_db346.dir/build
gmake[1] : on entre dans le répertoire « /home/bdelbreuve/ISEN/AP4/C++/Uno/cmake-build-debug/CMakeFiles/CMakeTmp »
Building CXX object CMakeFiles/cmTC_db346.dir/feature_tests.cxx.o
/usr/bin/c++    -std=c++1z -o CMakeFiles/cmTC_db346.dir/feature_tests.cxx.o -c /home/bdelbreuve/ISEN/AP4/C++/Uno/cmake-build-debug/CMakeFiles/feature_tests.cxx
Linking CXX executable cmTC_db346
/home/bdelbreuve/.local/share/Trash/files/clion-2018.1.2/bin/cmake/bin/cmake -E cmake_link_script CMakeFiles/cmTC_db346.dir/link.txt --verbose=1
/usr/bin/c++       CMakeFiles/cmTC_db346.dir/feature_tests.cxx.o  -o cmTC_db346 
gmake[1] : on quitte le répertoire « /home/bdelbreuve/ISEN/AP4/C++/Uno/cmake-build-debug/CMakeFiles/CMakeTmp »


    Feature record: CXX_FEATURE:1cxx_aggregate_default_initializers
    Feature record: CXX_FEATURE:1cxx_alias_templates
    Feature record: CXX_FEATURE:1cxx_alignas
    Feature record: CXX_FEATURE:1cxx_alignof
    Feature record: CXX_FEATURE:1cxx_attributes
    Feature record: CXX_FEATURE:1cxx_attribute_deprecated
    Feature record: CXX_FEATURE:1cxx_auto_type
    Feature record: CXX_FEATURE:1cxx_binary_literals
    Feature record: CXX_FEATURE:1cxx_constexpr
    Feature record: CXX_FEATURE:1cxx_contextual_conversions
    Feature record: CXX_FEATURE:1cxx_decltype
    Feature record: CXX_FEATURE:1cxx_decltype_auto
    Feature record: CXX_FEATURE:1cxx_decltype_incomplete_return_types
    Feature record: CXX_FEATURE:1cxx_default_function_template_args
    Feature record: CXX_FEATURE:1cxx_defaulted_functions
    Feature record: CXX_FEATURE:1cxx_defaulted_move_initializers
    Feature record: CXX_FEATURE:1cxx_delegating_constructors
    Feature record: CXX_FEATURE:1cxx_deleted_functions
    Feature record: CXX_FEATURE:1cxx_digit_separators
    Feature record: CXX_FEATURE:1cxx_enum_forward_declarations
    Feature record: CXX_FEATURE:1cxx_explicit_conversions
    Feature record: CXX_FEATURE:1cxx_extended_friend_declarations
    Feature record: CXX_FEATURE:1cxx_extern_templates
    Feature record: CXX_FEATURE:1cxx_final
    Feature record: CXX_FEATURE:1cxx_func_identifier
    Feature record: CXX_FEATURE:1cxx_generalized_initializers
    Feature record: CXX_FEATURE:1cxx_generic_lambdas
    Feature record: CXX_FEATURE:1cxx_inheriting_constructors
    Feature record: CXX_FEATURE:1cxx_inline_namespaces
    Feature record: CXX_FEATURE:1cxx_lambdas
    Feature record: CXX_FEATURE:1cxx_lambda_init_captures
    Feature record: CXX_FEATURE:1cxx_local_type_template_args
    Feature record: CXX_FEATURE:1cxx_long_long_type
    Feature record: CXX_FEATURE:1cxx_noexcept
    Feature record: CXX_FEATURE:1cxx_nonstatic_member_init
    Feature record: CXX_FEATURE:1cxx_nullptr
    Feature record: CXX_FEATURE:1cxx_override
    Feature record: CXX_FEATURE:1cxx_range_for
    Feature record: CXX_FEATURE:1cxx_raw_string_literals
    Feature record: CXX_FEATURE:1cxx_reference_qualified_functions
    Feature record: CXX_FEATURE:1cxx_relaxed_constexpr
    Feature record: CXX_FEATURE:1cxx_return_type_deduction
    Feature record: CXX_FEATURE:1cxx_right_angle_brackets
    Feature record: CXX_FEATURE:1cxx_rvalue_references
    Feature record: CXX_FEATURE:1cxx_sizeof_member
    Feature record: CXX_FEATURE:1cxx_static_assert
    Feature record: CXX_FEATURE:1cxx_strong_enums
    Feature record: CXX_FEATURE:1cxx_template_template_parameters
    Feature record: CXX_FEATURE:1cxx_thread_local
    Feature record: CXX_FEATURE:1cxx_trailing_return_types
    Feature record: CXX_FEATURE:1cxx_unicode_literals
    Feature record: CXX_FEATURE:1cxx_uniform_initialization
    Feature record: CXX_FEATURE:1cxx_unrestricted_unions
    Feature record: CXX_FEATURE:1cxx_user_literals
    Feature record: CXX_FEATURE:1cxx_variable_templates
    Feature record: CXX_FEATURE:1cxx_variadic_macros
    Feature record: CXX_FEATURE:1cxx_variadic_templates


Detecting CXX [-std=c++14] compiler features compiled with the following output:
Change Dir: /home/bdelbreuve/ISEN/AP4/C++/Uno/cmake-build-debug/CMakeFiles/CMakeTmp

Run Build Command:"/usr/bin/gmake" "cmTC_4249f/fast"
/usr/bin/gmake -f CMakeFiles/cmTC_4249f.dir/build.make CMakeFiles/cmTC_4249f.dir/build
gmake[1] : on entre dans le répertoire « /home/bdelbreuve/ISEN/AP4/C++/Uno/cmake-build-debug/CMakeFiles/CMakeTmp »
Building CXX object CMakeFiles/cmTC_4249f.dir/feature_tests.cxx.o
/usr/bin/c++    -std=c++14 -o CMakeFiles/cmTC_4249f.dir/feature_tests.cxx.o -c /home/bdelbreuve/ISEN/AP4/C++/Uno/cmake-build-debug/CMakeFiles/feature_tests.cxx
Linking CXX executable cmTC_4249f
/home/bdelbreuve/.local/share/Trash/files/clion-2018.1.2/bin/cmake/bin/cmake -E cmake_link_script CMakeFiles/cmTC_4249f.dir/link.txt --verbose=1
/usr/bin/c++       CMakeFiles/cmTC_4249f.dir/feature_tests.cxx.o  -o cmTC_4249f 
gmake[1] : on quitte le répertoire « /home/bdelbreuve/ISEN/AP4/C++/Uno/cmake-build-debug/CMakeFiles/CMakeTmp »


    Feature record: CXX_FEATURE:1cxx_aggregate_default_initializers
    Feature record: CXX_FEATURE:1cxx_alias_templates
    Feature record: CXX_FEATURE:1cxx_alignas
    Feature record: CXX_FEATURE:1cxx_alignof
    Feature record: CXX_FEATURE:1cxx_attributes
    Feature record: CXX_FEATURE:1cxx_attribute_deprecated
    Feature record: CXX_FEATURE:1cxx_auto_type
    Feature record: CXX_FEATURE:1cxx_binary_literals
    Feature record: CXX_FEATURE:1cxx_constexpr
    Feature record: CXX_FEATURE:1cxx_contextual_conversions
    Feature record: CXX_FEATURE:1cxx_decltype
    Feature record: CXX_FEATURE:1cxx_decltype_auto
    Feature record: CXX_FEATURE:1cxx_decltype_incomplete_return_types
    Feature record: CXX_FEATURE:1cxx_default_function_template_args
    Feature record: CXX_FEATURE:1cxx_defaulted_functions
    Feature record: CXX_FEATURE:1cxx_defaulted_move_initializers
    Feature record: CXX_FEATURE:1cxx_delegating_constructors
    Feature record: CXX_FEATURE:1cxx_deleted_functions
    Feature record: CXX_FEATURE:1cxx_digit_separators
    Feature record: CXX_FEATURE:1cxx_enum_forward_declarations
    Feature record: CXX_FEATURE:1cxx_explicit_conversions
    Feature record: CXX_FEATURE:1cxx_extended_friend_declarations
    Feature record: CXX_FEATURE:1cxx_extern_templates
    Feature record: CXX_FEATURE:1cxx_final
    Feature record: CXX_FEATURE:1cxx_func_identifier
    Feature record: CXX_FEATURE:1cxx_generalized_initializers
    Feature record: CXX_FEATURE:1cxx_generic_lambdas
    Feature record: CXX_FEATURE:1cxx_inheriting_constructors
    Feature record: CXX_FEATURE:1cxx_inline_namespaces
    Feature record: CXX_FEATURE:1cxx_lambdas
    Feature record: CXX_FEATURE:1cxx_lambda_init_captures
    Feature record: CXX_FEATURE:1cxx_local_type_template_args
    Feature record: CXX_FEATURE:1cxx_long_long_type
    Feature record: CXX_FEATURE:1cxx_noexcept
    Feature record: CXX_FEATURE:1cxx_nonstatic_member_init
    Feature record: CXX_FEATURE:1cxx_nullptr
    Feature record: CXX_FEATURE:1cxx_override
    Feature record: CXX_FEATURE:1cxx_range_for
    Feature record: CXX_FEATURE:1cxx_raw_string_literals
    Feature record: CXX_FEATURE:1cxx_reference_qualified_functions
    Feature record: CXX_FEATURE:1cxx_relaxed_constexpr
    Feature record: CXX_FEATURE:1cxx_return_type_deduction
    Feature record: CXX_FEATURE:1cxx_right_angle_brackets
    Feature record: CXX_FEATURE:1cxx_rvalue_references
    Feature record: CXX_FEATURE:1cxx_sizeof_member
    Feature record: CXX_FEATURE:1cxx_static_assert
    Feature record: CXX_FEATURE:1cxx_strong_enums
    Feature record: CXX_FEATURE:1cxx_template_template_parameters
    Feature record: CXX_FEATURE:1cxx_thread_local
    Feature record: CXX_FEATURE:1cxx_trailing_return_types
    Feature record: CXX_FEATURE:1cxx_unicode_literals
    Feature record: CXX_FEATURE:1cxx_uniform_initialization
    Feature record: CXX_FEATURE:1cxx_unrestricted_unions
    Feature record: CXX_FEATURE:1cxx_user_literals
    Feature record: CXX_FEATURE:1cxx_variable_templates
    Feature record: CXX_FEATURE:1cxx_variadic_macros
    Feature record: CXX_FEATURE:1cxx_variadic_templates


Detecting CXX [-std=c++11] compiler features compiled with the following output:
Change Dir: /home/bdelbreuve/ISEN/AP4/C++/Uno/cmake-build-debug/CMakeFiles/CMakeTmp

Run Build Command:"/usr/bin/gmake" "cmTC_a70d7/fast"
/usr/bin/gmake -f CMakeFiles/cmTC_a70d7.dir/build.make CMakeFiles/cmTC_a70d7.dir/build
gmake[1] : on entre dans le répertoire « /home/bdelbreuve/ISEN/AP4/C++/Uno/cmake-build-debug/CMakeFiles/CMakeTmp »
Building CXX object CMakeFiles/cmTC_a70d7.dir/feature_tests.cxx.o
/usr/bin/c++    -std=c++11 -o CMakeFiles/cmTC_a70d7.dir/feature_tests.cxx.o -c /home/bdelbreuve/ISEN/AP4/C++/Uno/cmake-build-debug/CMakeFiles/feature_tests.cxx
Linking CXX executable cmTC_a70d7
/home/bdelbreuve/.local/share/Trash/files/clion-2018.1.2/bin/cmake/bin/cmake -E cmake_link_script CMakeFiles/cmTC_a70d7.dir/link.txt --verbose=1
/usr/bin/c++       CMakeFiles/cmTC_a70d7.dir/feature_tests.cxx.o  -o cmTC_a70d7 
gmake[1] : on quitte le répertoire « /home/bdelbreuve/ISEN/AP4/C++/Uno/cmake-build-debug/CMakeFiles/CMakeTmp »


    Feature record: CXX_FEATURE:0cxx_aggregate_default_initializers
    Feature record: CXX_FEATURE:1cxx_alias_templates
    Feature record: CXX_FEATURE:1cxx_alignas
    Feature record: CXX_FEATURE:1cxx_alignof
    Feature record: CXX_FEATURE:1cxx_attributes
    Feature record: CXX_FEATURE:0cxx_attribute_deprecated
    Feature record: CXX_FEATURE:1cxx_auto_type
    Feature record: CXX_FEATURE:0cxx_binary_literals
    Feature record: CXX_FEATURE:1cxx_constexpr
    Feature record: CXX_FEATURE:0cxx_contextual_conversions
    Feature record: CXX_FEATURE:1cxx_decltype
    Feature record: CXX_FEATURE:0cxx_decltype_auto
    Feature record: CXX_FEATURE:1cxx_decltype_incomplete_return_types
    Feature record: CXX_FEATURE:1cxx_default_function_template_args
    Feature record: CXX_FEATURE:1cxx_defaulted_functions
    Feature record: CXX_FEATURE:1cxx_defaulted_move_initializers
    Feature record: CXX_FEATURE:1cxx_delegating_constructors
    Feature record: CXX_FEATURE:1cxx_deleted_functions
    Feature record: CXX_FEATURE:0cxx_digit_separators
    Feature record: CXX_FEATURE:1cxx_enum_forward_declarations
    Feature record: CXX_FEATURE:1cxx_explicit_conversions
    Feature record: CXX_FEATURE:1cxx_extended_friend_declarations
    Feature record: CXX_FEATURE:1cxx_extern_templates
    Feature record: CXX_FEATURE:1cxx_final
    Feature record: CXX_FEATURE:1cxx_func_identifier
    Feature record: CXX_FEATURE:1cxx_generalized_initializers
    Feature record: CXX_FEATURE:0cxx_generic_lambdas
    Feature record: CXX_FEATURE:1cxx_inheriting_constructors
    Feature record: CXX_FEATURE:1cxx_inline_namespaces
    Feature record: CXX_FEATURE:1cxx_lambdas
    Feature record: CXX_FEATURE:0cxx_lambda_init_captures
    Feature record: CXX_FEATURE:1cxx_local_type_template_args
    Feature record: CXX_FEATURE:1cxx_long_long_type
    Feature record: CXX_FEATURE:1cxx_noexcept
    Feature record: CXX_FEATURE:1cxx_nonstatic_member_init
    Feature record: CXX_FEATURE:1cxx_nullptr
    Feature record: CXX_FEATURE:1cxx_override
    Feature record: CXX_FEATURE:1cxx_range_for
    Feature record: CXX_FEATURE:1cxx_raw_string_literals
    Feature record: CXX_FEATURE:1cxx_reference_qualified_functions
    Feature record: CXX_FEATURE:0cxx_relaxed_constexpr
    Feature record: CXX_FEATURE:0cxx_return_type_deduction
    Feature record: CXX_FEATURE:1cxx_right_angle_brackets
    Feature record: CXX_FEATURE:1cxx_rvalue_references
    Feature record: CXX_FEATURE:1cxx_sizeof_member
    Feature record: CXX_FEATURE:1cxx_static_assert
    Feature record: CXX_FEATURE:1cxx_strong_enums
    Feature record: CXX_FEATURE:1cxx_template_template_parameters
    Feature record: CXX_FEATURE:1cxx_thread_local
    Feature record: CXX_FEATURE:1cxx_trailing_return_types
    Feature record: CXX_FEATURE:1cxx_unicode_literals
    Feature record: CXX_FEATURE:1cxx_uniform_initialization
    Feature record: CXX_FEATURE:1cxx_unrestricted_unions
    Feature record: CXX_FEATURE:1cxx_user_literals
    Feature record: CXX_FEATURE:0cxx_variable_templates
    Feature record: CXX_FEATURE:1cxx_variadic_macros
    Feature record: CXX_FEATURE:1cxx_variadic_templates


Detecting CXX [-std=c++98] compiler features compiled with the following output:
Change Dir: /home/bdelbreuve/ISEN/AP4/C++/Uno/cmake-build-debug/CMakeFiles/CMakeTmp

Run Build Command:"/usr/bin/gmake" "cmTC_69d20/fast"
/usr/bin/gmake -f CMakeFiles/cmTC_69d20.dir/build.make CMakeFiles/cmTC_69d20.dir/build
gmake[1] : on entre dans le répertoire « /home/bdelbreuve/ISEN/AP4/C++/Uno/cmake-build-debug/CMakeFiles/CMakeTmp »
Building CXX object CMakeFiles/cmTC_69d20.dir/feature_tests.cxx.o
/usr/bin/c++    -std=c++98 -o CMakeFiles/cmTC_69d20.dir/feature_tests.cxx.o -c /home/bdelbreuve/ISEN/AP4/C++/Uno/cmake-build-debug/CMakeFiles/feature_tests.cxx
Linking CXX executable cmTC_69d20
/home/bdelbreuve/.local/share/Trash/files/clion-2018.1.2/bin/cmake/bin/cmake -E cmake_link_script CMakeFiles/cmTC_69d20.dir/link.txt --verbose=1
/usr/bin/c++       CMakeFiles/cmTC_69d20.dir/feature_tests.cxx.o  -o cmTC_69d20 
gmake[1] : on quitte le répertoire « /home/bdelbreuve/ISEN/AP4/C++/Uno/cmake-build-debug/CMakeFiles/CMakeTmp »


    Feature record: CXX_FEATURE:0cxx_aggregate_default_initializers
    Feature record: CXX_FEATURE:0cxx_alias_templates
    Feature record: CXX_FEATURE:0cxx_alignas
    Feature record: CXX_FEATURE:0cxx_alignof
    Feature record: CXX_FEATURE:0cxx_attributes
    Feature record: CXX_FEATURE:0cxx_attribute_deprecated
    Feature record: CXX_FEATURE:0cxx_auto_type
    Feature record: CXX_FEATURE:0cxx_binary_literals
    Feature record: CXX_FEATURE:0cxx_constexpr
    Feature record: CXX_FEATURE:0cxx_contextual_conversions
    Feature record: CXX_FEATURE:0cxx_decltype
    Feature record: CXX_FEATURE:0cxx_decltype_auto
    Feature record: CXX_FEATURE:0cxx_decltype_incomplete_return_types
    Feature record: CXX_FEATURE:0cxx_default_function_template_args
    Feature record: CXX_FEATURE:0cxx_defaulted_functions
    Feature record: CXX_FEATURE:0cxx_defaulted_move_initializers
    Feature record: CXX_FEATURE:0cxx_delegating_constructors
    Feature record: CXX_FEATURE:0cxx_deleted_functions
    Feature record: CXX_FEATURE:0cxx_digit_separators
    Feature record: CXX_FEATURE:0cxx_enum_forward_declarations
    Feature record: CXX_FEATURE:0cxx_explicit_conversions
    Feature record: CXX_FEATURE:0cxx_extended_friend_declarations
    Feature record: CXX_FEATURE:0cxx_extern_templates
    Feature record: CXX_FEATURE:0cxx_final
    Feature record: CXX_FEATURE:0cxx_func_identifier
    Feature record: CXX_FEATURE:0cxx_generalized_initializers
    Feature record: CXX_FEATURE:0cxx_generic_lambdas
    Feature record: CXX_FEATURE:0cxx_inheriting_constructors
    Feature record: CXX_FEATURE:0cxx_inline_namespaces
    Feature record: CXX_FEATURE:0cxx_lambdas
    Feature record: CXX_FEATURE:0cxx_lambda_init_captures
    Feature record: CXX_FEATURE:0cxx_local_type_template_args
    Feature record: CXX_FEATURE:0cxx_long_long_type
    Feature record: CXX_FEATURE:0cxx_noexcept
    Feature record: CXX_FEATURE:0cxx_nonstatic_member_init
    Feature record: CXX_FEATURE:0cxx_nullptr
    Feature record: CXX_FEATURE:0cxx_override
    Feature record: CXX_FEATURE:0cxx_range_for
    Feature record: CXX_FEATURE:0cxx_raw_string_literals
    Feature record: CXX_FEATURE:0cxx_reference_qualified_functions
    Feature record: CXX_FEATURE:0cxx_relaxed_constexpr
    Feature record: CXX_FEATURE:0cxx_return_type_deduction
    Feature record: CXX_FEATURE:0cxx_right_angle_brackets
    Feature record: CXX_FEATURE:0cxx_rvalue_references
    Feature record: CXX_FEATURE:0cxx_sizeof_member
    Feature record: CXX_FEATURE:0cxx_static_assert
    Feature record: CXX_FEATURE:0cxx_strong_enums
    Feature record: CXX_FEATURE:1cxx_template_template_parameters
    Feature record: CXX_FEATURE:0cxx_thread_local
    Feature record: CXX_FEATURE:0cxx_trailing_return_types
    Feature record: CXX_FEATURE:0cxx_unicode_literals
    Feature record: CXX_FEATURE:0cxx_uniform_initialization
    Feature record: CXX_FEATURE:0cxx_unrestricted_unions
    Feature record: CXX_FEATURE:0cxx_user_literals
    Feature record: CXX_FEATURE:0cxx_variable_templates
    Feature record: CXX_FEATURE:0cxx_variadic_macros
    Feature record: CXX_FEATURE:0cxx_variadic_templates
